 
       ==============================================
       |                 P T B                      |
       |                S.Grimme                    |
       |          Universitaet Bonn, MCTC           |
       ==============================================
       Version 3.7, Do 28. Apr 14:28:45 CEST 2022
 
       Cite work conducted with this code as
       S. Grimme, M. Mueller, A. Hansen, unpublished.
 
 ~/.atompara                                                                    
  
          =========================
          reading ... ethan.xyz
          =========================
 basis read done.
 ncao           58
 nsao           56
 npr           156
 basis setup done. Ndim          56
 coreat            2
 cncao             2
 cnsao             2
 cnpr             12
 
 nalpha            7
 nbeta             7
 ntotal           14
 nopen             0
cpu  time for startup and initial S    0.01 s
wall time for startup and initial S    0.00 s
               -----------------------
               |      PTB  model      |
               | SG, MM, AH 2020-2022 |
               -----------------------
 prop :           1
 PA setup with Mull-Loew partitioning   0.333333 ...
 done.
EEQ done. sum q :    0.000
    atom   Zeff  qEEQ  mod   srCN   noHCN   CN(EEQ)
    1    6  4.0    -0.081   3.974   0.405   4.014
    2    6  4.0    -0.081   3.974   0.405   4.014
    3    1  1.0     0.027   1.026   0.004   1.005
    4    1  1.0     0.027   1.026   0.004   1.005
    5    1  1.0     0.027   1.026   0.004   1.005
    6    1  1.0     0.027   1.026   0.004   1.005
    7    1  1.0     0.027   1.026   0.004   1.005
    8    1  1.0     0.027   1.026   0.004   1.005
 computing Vecp ...
 PTB H matrix iteration            1  done. Now diag ...

************************ INITIAL CONFIGURATION *************************
------------------------------------------------------------------------
 Overlap:
   1.00000000000000       0.896725798633308       0.000000000000000E+000
  0.000000000000000E+000  0.000000000000000E+000  0.000000000000000E+000
  0.000000000000000E+000  0.000000000000000E+000  0.000000000000000E+000
  0.000000000000000E+000  0.000000000000000E+000  0.000000000000000E+000
------------------------------------------------------------------------
 Hamiltonian:
  -2.98256946945887       -3.61449383071289      -0.140240164649803     
  2.762640747278056E-007  3.610034298162645E-007 -0.134480269622523     
 -1.247450995833788E-007  2.024263494604384E-007  2.421408025064087E-002
 -1.397976105077280E-002 -8.506384574502590E-007  2.009227451083007E-008
------------------------------------------------------------------------
 Density matrix:
  0.000000000000000E+000  0.000000000000000E+000  0.000000000000000E+000
  0.000000000000000E+000  0.000000000000000E+000  0.000000000000000E+000
  0.000000000000000E+000  0.000000000000000E+000  0.000000000000000E+000
  0.000000000000000E+000  0.000000000000000E+000  0.000000000000000E+000
------------------------------------------------------------------------
 P*S*P:
  0.000000000000000E+000  0.000000000000000E+000  0.000000000000000E+000
  0.000000000000000E+000  0.000000000000000E+000  0.000000000000000E+000
  0.000000000000000E+000  0.000000000000000E+000  0.000000000000000E+000
  0.000000000000000E+000  0.000000000000000E+000  0.000000000000000E+000

initial density
Number of electrons:       0.000000
Band structure energy:     0.000000


***************************** AFTER SOLVE2 *****************************
------------------------------------------------------------------------
 Overlap:
   1.00000000000000       0.896725798633308       0.000000000000000E+000
  0.000000000000000E+000  0.000000000000000E+000  0.000000000000000E+000
  0.000000000000000E+000  0.000000000000000E+000  0.000000000000000E+000
  0.000000000000000E+000  0.000000000000000E+000  0.000000000000000E+000
------------------------------------------------------------------------
 Hamiltonian:
  -2.98256946945887       -3.61449383071289      -0.140240164649803     
  2.762640747278056E-007  3.610034298162645E-007 -0.134480269622523     
 -1.247450995833788E-007  2.024263494604384E-007  2.421408025064087E-002
 -1.397976105077280E-002 -8.506384574502590E-007  2.009227451083007E-008
------------------------------------------------------------------------
 Density matrix:
  0.852798586490095       0.155626532079162       1.053010600971827E-002
 -2.116567128307931E-009  4.383332384591223E-007  8.151640034540756E-003
  5.087997836098764E-007  6.189927291793698E-007 -1.492580467102770E-002
  8.617861723803841E-003 -5.127013317760393E-007 -3.159234388076951E-007
------------------------------------------------------------------------
 P*S*P:
  0.852798586490094       0.155626532079162       1.053010600971828E-002
 -2.116567128539800E-009  4.383332383719671E-007  8.151640034540759E-003
  5.087997836015042E-007  6.189927291647823E-007 -1.492580467102770E-002
  8.617861723803841E-003 -5.127013317506068E-007 -3.159234388171762E-007

ptb density
Number of electrons:      14.000000
Band structure energy:   -37.881638

The chemical potential       -1.500000
 Gershgorin Norm   665218.709926037     
 Frobenius Norm   415625.633024634     
------------------------------------------------------------------------
 Initial guess:
  -3.59354353504069        6.56713656490370      -0.190024309023468     
  2.332326143249616E-006  2.712533284086660E-006   1.72426478027372     
  6.349684641144755E-006 -3.217925607201254E-006 -2.922050957375798E-002
  1.687276820950885E-002 -2.855430443233552E-006 -7.367076537697893E-007
Purification loop
iterations = 1   number of electrons =      -7.000074   band-str E =    -130.483329   norm2=     88.987880
------------------------------------------------------------------------
 P:
  -3.59355172474935        6.56709779521500      -0.190027850640930     
  2.332351410516782E-006  2.712548793513018E-006   1.72424891828849     
  6.349618983694984E-006 -3.217936156010696E-006 -2.922242888621249E-002
  1.687387633798861E-002 -2.855459890825331E-006 -7.367129843610761E-007
The cn factor       -0.125008
iterations = 2   number of electrons =      -7.000118   band-str E =    -130.483274   norm2=     88.987513
------------------------------------------------------------------------
 P:
  -3.59355889068097        6.56706387191381      -0.190030949532361     
  2.332373519375918E-006  2.712562364008191E-006   1.72423503914522     
  6.349561536029455E-006 -3.217945384769444E-006 -2.922410827157194E-002
  1.687484594288073E-002 -2.855485657578766E-006 -7.367176484912570E-007
The cn factor       -0.125008
iterations = 3   number of electrons =      -7.000156   band-str E =    -130.483226   norm2=     88.987191
------------------------------------------------------------------------
 P:
  -3.59356516081578        6.56703418919244      -0.190033661041171     
  2.332392864492247E-006  2.712574238229850E-006   1.72422289497979     
  6.349511269640433E-006 -3.217953455262304E-006 -2.922557772218965E-002
  1.687569434048054E-002 -2.855508203168490E-006 -7.367217297155324E-007
The cn factor       -0.125008
iterations = 4   number of electrons =      -7.000190   band-str E =    -130.483185   norm2=     88.986910
------------------------------------------------------------------------
 P:
  -3.59357064713541        6.56700821696730      -0.190036033592589     
  2.332409791249515E-006  2.712584627922669E-006   1.72421226891157     
  6.349467285678432E-006 -3.217960523162343E-006 -2.922686348123000E-002
  1.687643668246216E-002 -2.855527930319860E-006 -7.367253006947715E-007
The cn factor       -0.125008
iterations = 5   number of electrons =      -7.000219   band-str E =    -130.483148   norm2=     88.986663
------------------------------------------------------------------------
 P:
  -3.59357544762290        6.56698549141444      -0.190038109558444     
  2.332424601914208E-006  2.712593718942555E-006   1.72420297117053     
  6.349428798113513E-006 -3.217966704584264E-006 -2.922798851132371E-002
  1.687708622646160E-002 -2.855545191432812E-006 -7.367284252624769E-007
The cn factor       -0.125008
iterations = 6   number of electrons =      -7.000245   band-str E =    -130.483116   norm2=     88.986448
------------------------------------------------------------------------
 P:
  -3.59357964801262        6.56696560668751      -0.190039926013870     
  2.332437561285733E-006  2.712601673441289E-006   1.72419483570849     
  6.349395124803542E-006 -3.217972113281881E-006 -2.922897290465113E-002
  1.687765457283945E-002 -2.855560294949805E-006 -7.367311593324631E-007
The cn factor       -0.125008
iterations = 7   number of electrons =      -7.000267   band-str E =    -130.483088   norm2=     88.986259
------------------------------------------------------------------------
 P:
  -3.59358332332141        6.56694820767117      -0.190041515399392     
  2.332448900694803E-006  2.712608633589143E-006   1.72418771723387     
  6.349365659138173E-006 -3.217976848845224E-006 -2.922983424175199E-002
  1.687815187184335E-002 -2.855573510262977E-006 -7.367335513669245E-007
The cn factor       -0.125008
iterations = 8   number of electrons =      -7.000287   band-str E =    -130.483064   norm2=     88.986094
------------------------------------------------------------------------
 P:
  -3.59358653918850        6.56693298364005      -0.190042906100287     
  2.332458822625118E-006  2.712614723811142E-006   1.72418148861719     
  6.349339876742073E-006 -3.217980988239194E-006 -2.923058790549355E-002
  1.687858700487996E-002 -2.855585073627881E-006 -7.367356446138833E-007
The cn factor       -0.125008
iterations = 9   number of electrons =      -7.000304   band-str E =    -130.483042   norm2=     88.985950
------------------------------------------------------------------------
 P:
  -3.59358935304764        6.56691966271008      -0.190044122953497     
  2.332467504020164E-006  2.712620052626163E-006   1.72417603862072     
  6.349317316648451E-006 -3.217984612029240E-006 -2.923124735579037E-002
  1.687896774312447E-002 -2.855595191516232E-006 -7.367374760252041E-007
The cn factor       -0.125008
iterations = 10   number of electrons =      -7.000319   band-str E =    -130.483023   norm2=     88.985824
------------------------------------------------------------------------
 P:
  -3.59359181515289        6.56690800698336      -0.190045187691191     
  2.332475100293700E-006  2.712624715243685E-006   1.72417126991196     
  6.349297577297865E-006 -3.217987784624066E-006 -2.923182436998300E-002
  1.687930088630719E-002 -2.855604044751452E-006 -7.367390784498635E-007
The cn factor       -0.125008
iterations = 11   number of electrons =      -7.000332   band-str E =    -130.483007   norm2=     88.985713
------------------------------------------------------------------------
 P:
  -3.59359396947621        6.56689780830014      -0.190046119328879     
  2.332481746855838E-006  2.712628795048197E-006   1.72416709732552     
  6.349280302178677E-006 -3.217990560733394E-006 -2.923232925316762E-002
  1.687959238414753E-002 -2.855611791020388E-006 -7.367404805837108E-007
The cn factor       -0.125008
iterations = 12   number of electrons =      -7.000344   band-str E =    -130.482993   norm2=     88.985616
------------------------------------------------------------------------
 P:
  -3.59359585449269        6.56688888452140      -0.190046934505007     
  2.332487562846170E-006  2.712632365041610E-006   1.72416344634215     
  6.349265189985670E-006 -3.217992987876080E-006 -2.923277102223464E-002
  1.687984744261078E-002 -2.855618569042008E-006 -7.367417076633589E-007
The cn factor       -0.125008
iterations = 13   number of electrons =      -7.000354   band-str E =    -130.482980   norm2=     88.985532
------------------------------------------------------------------------
 P:
  -3.59359750386778        6.56688107627642      -0.190047647778104     
  2.332492651580599E-006  2.712635488596017E-006   1.72416025175796     
  6.349251968756769E-006 -3.217995112020040E-006 -2.923315756690214E-002
  1.688007061688028E-002 -2.855624499814070E-006 -7.367427812610021E-007
The cn factor       -0.125008
iterations = 14   number of electrons =      -7.000362   band-str E =    -130.482969   norm2=     88.985458
------------------------------------------------------------------------
 P:
  -3.59359894705844        6.56687424411644      -0.190048271886783     
  2.332497104266045E-006  2.712638221717300E-006   1.72415745651992     
  6.349240396227811E-006 -3.217996968853642E-006 -2.923349579062008E-002
  1.688026589271136E-002 -2.855629689100759E-006 -7.367437207094984E-007
The cn factor       -0.125008
iterations = 15   number of electrons =      -7.000370   band-str E =    -130.482959   norm2=     88.985393
------------------------------------------------------------------------
 P:
  -3.59360020983928        6.56686826602456      -0.190048817977243     
  2.332501000302574E-006  2.712640613255203E-006   1.72415501070699     
  6.349230272703000E-006 -3.217998596008432E-006 -2.923379173385774E-002
  1.688043675761101E-002 -2.855634229706380E-006 -7.367445425746409E-007
The cn factor       -0.125008
iterations = 16   number of electrons =      -7.000377   band-str E =    -130.482951   norm2=     88.985336
------------------------------------------------------------------------
 P:
  -3.59360131476291        6.56686303523659      -0.190049295802332     
  2.332504409250939E-006  2.712642705780866E-006   1.72415287063855     
  6.349221416307470E-006 -3.218000016609671E-006 -2.923405068198644E-002
  1.688058626312573E-002 -2.855638202771250E-006 -7.367452617622455E-007
The cn factor       -0.125008
iterations = 17   number of electrons =      -7.000383   band-str E =    -130.482944   norm2=     88.985286
------------------------------------------------------------------------
 P:
  -3.59360228156270        6.56685845833458      -0.190049713895722     
  2.332507392227575E-006  2.712644536586948E-006   1.72415099809439     
  6.349213666102029E-006 -3.218001263948064E-006 -2.923427725966637E-002
  1.688071707933502E-002 -2.855641679272404E-006 -7.367458910223822E-007
The cn factor       -0.125008
iterations = 18   number of electrons =      -7.000388   band-str E =    -130.482937   norm2=     88.985243
------------------------------------------------------------------------
 P:
  -3.59360312750518        6.56685445357841      -0.190050079724311     
  2.332510002107407E-006  2.712646138518066E-006   1.72414935963208     
  6.349206882886598E-006 -3.218002353503711E-006 -2.923447551343968E-002
  1.688083154253848E-002 -2.855644720851650E-006 -7.367464415879802E-007
The cn factor       -0.125008
iterations = 19   number of electrons =      -7.000392   band-str E =    -130.482932   norm2=     88.985205
------------------------------------------------------------------------
 P:
  -3.59360386769843        6.56685094944583      -0.190050399821587     
  2.332512285782721E-006  2.712647540236842E-006   1.72414792598969     
  6.349200950510541E-006 -3.218003305944441E-006 -2.923464898400585E-002
  1.688093169698390E-002 -2.855647382310579E-006 -7.367469231927318E-007
The cn factor       -0.125008
iterations = 20   number of electrons =      -7.000396   band-str E =    -130.482927   norm2=     88.985172
------------------------------------------------------------------------
 P:
  -3.59360451536190        6.56684788335539      -0.190050679904306     
  2.332514283969029E-006  2.712648766638145E-006   1.72414667156323     
  6.349195756769422E-006 -3.218004139396586E-006 -2.923480076945052E-002
  1.688101933137277E-002 -2.855649711212463E-006 -7.367473447865759E-007
The cn factor       -0.125008
