 
       ==============================================
       |                 P T B                      |
       |                S.Grimme                    |
       |          Universitaet Bonn, MCTC           |
       ==============================================
       Version 3.7, Do 28. Apr 14:28:45 CEST 2022
 
       Cite work conducted with this code as
       S. Grimme, M. Mueller, A. Hansen, unpublished.
 
 ~/.atompara                                                                    
  
          =========================
          reading ... ethan.xyz
          =========================
 basis read done.
 ncao           58
 nsao           56
 npr           156
 basis setup done. Ndim          56
 coreat            2
 cncao             2
 cnsao             2
 cnpr             12
 
 nalpha            7
 nbeta             7
 ntotal           14
 nopen             0
cpu  time for startup and initial S    0.03 s
wall time for startup and initial S    0.00 s
               -----------------------
               |      PTB  model      |
               | SG, MM, AH 2020-2022 |
               -----------------------
 prop :           1
 PA setup with Mull-Loew partitioning   0.333333 ...
 done.
EEQ done. sum q :    0.000
    atom   Zeff  qEEQ  mod   srCN   noHCN   CN(EEQ)
    1    6  4.0    -0.081   3.974   0.405   4.014
    2    6  4.0    -0.081   3.974   0.405   4.014
    3    1  1.0     0.027   1.026   0.004   1.005
    4    1  1.0     0.027   1.026   0.004   1.005
    5    1  1.0     0.027   1.026   0.004   1.005
    6    1  1.0     0.027   1.026   0.004   1.005
    7    1  1.0     0.027   1.026   0.004   1.005
    8    1  1.0     0.027   1.026   0.004   1.005
 computing Vecp ...
 PTB H matrix iteration            1  done. Now diag ...

************************ INITIAL CONFIGURATION *************************
------------------------------------------------------------------------
 Overlap:
   1.00000000000000       0.896725798633308       0.000000000000000E+000
  0.000000000000000E+000  0.000000000000000E+000  0.000000000000000E+000
  0.000000000000000E+000  0.000000000000000E+000  0.000000000000000E+000
  0.000000000000000E+000  0.000000000000000E+000  0.000000000000000E+000
------------------------------------------------------------------------
 Hamiltonian:
  -2.98256946945887       -3.61449383071289      -0.140240164649803     
  2.762640747278056E-007  3.610034298162645E-007 -0.134480269622523     
 -1.247450995833788E-007  2.024263494604384E-007  2.421408025064087E-002
 -1.397976105077280E-002 -8.506384574502590E-007  2.009227451083007E-008
------------------------------------------------------------------------
 Density matrix:
  0.000000000000000E+000  0.000000000000000E+000  0.000000000000000E+000
  0.000000000000000E+000  0.000000000000000E+000  0.000000000000000E+000
  0.000000000000000E+000  0.000000000000000E+000  0.000000000000000E+000
  0.000000000000000E+000  0.000000000000000E+000  0.000000000000000E+000
------------------------------------------------------------------------
 P*S*P:
  0.000000000000000E+000  0.000000000000000E+000  0.000000000000000E+000
  0.000000000000000E+000  0.000000000000000E+000  0.000000000000000E+000
  0.000000000000000E+000  0.000000000000000E+000  0.000000000000000E+000
  0.000000000000000E+000  0.000000000000000E+000  0.000000000000000E+000

initial density
Number of electrons:       0.000000
Band structure energy:     0.000000


***************************** AFTER SOLVE2 *****************************
------------------------------------------------------------------------
 Overlap:
   1.00000000000000       0.896725798633308       0.000000000000000E+000
  0.000000000000000E+000  0.000000000000000E+000  0.000000000000000E+000
  0.000000000000000E+000  0.000000000000000E+000  0.000000000000000E+000
  0.000000000000000E+000  0.000000000000000E+000  0.000000000000000E+000
------------------------------------------------------------------------
 Hamiltonian:
  -2.98256946945887       -3.61449383071289      -0.140240164649803     
  2.762640747278056E-007  3.610034298162645E-007 -0.134480269622523     
 -1.247450995833788E-007  2.024263494604384E-007  2.421408025064087E-002
 -1.397976105077280E-002 -8.506384574502590E-007  2.009227451083007E-008
------------------------------------------------------------------------
 Density matrix:
  0.852798586490095       0.155626532079162       1.053010600971827E-002
 -2.116567128307931E-009  4.383332384591223E-007  8.151640034540756E-003
  5.087997836098764E-007  6.189927291793698E-007 -1.492580467102770E-002
  8.617861723803841E-003 -5.127013317760393E-007 -3.159234388076951E-007
------------------------------------------------------------------------
 P*S*P:
  0.852798586490094       0.155626532079162       1.053010600971828E-002
 -2.116567128539800E-009  4.383332383719671E-007  8.151640034540759E-003
  5.087997836015042E-007  6.189927291647823E-007 -1.492580467102770E-002
  8.617861723803841E-003 -5.127013317506068E-007 -3.159234388171762E-007

ptb density
Number of electrons:      14.000000
Band structure energy:   -37.881638

Purification loop
chemical potential =     -1.500000000, iterations = 1, electrons =   53.455984540, Band-str E =  187.480499614, norm2=   1.089694414
chemical potential =     -1.500000000, iterations = 2, electrons =   52.143747413, Band-str E =  162.063465201, norm2=   1.277812056
chemical potential =     -1.500000000, iterations = 3, electrons =   49.877550614, Band-str E =  120.269244567, norm2=   1.715600874
chemical potential =     -1.500000000, iterations = 4, electrons =   46.528721313, Band-str E =   68.390130094, norm2=   2.380168011
chemical potential =     -1.500000000, iterations = 5, electrons =   42.510370287, Band-str E =   31.405840718, norm2=   3.017182413
chemical potential =     -1.500000000, iterations = 6, electrons =   37.747501870, Band-str E =    8.070568687, norm2=   3.693068644
chemical potential =     -1.500000000, iterations = 7, electrons =   32.587833976, Band-str E =   -7.056340958, norm2=   4.400378615
chemical potential =     -1.500000000, iterations = 8, electrons =   27.684498073, Band-str E =  -14.388958895, norm2=   5.063113416
chemical potential =     -1.500000000, iterations = 9, electrons =   23.210278116, Band-str E =  -18.451655705, norm2=   5.795066679
chemical potential =     -1.500000000, iterations = 10, electrons =   19.946123388, Band-str E =  -20.324737954, norm2=   6.467453787
chemical potential =     -1.500000000, iterations = 11, electrons =   17.485842931, Band-str E =  -20.585837727, norm2=   6.999400922
chemical potential =     -1.500000000, iterations = 12, electrons =   15.587049323, Band-str E =  -19.899505345, norm2=   7.297302300
chemical potential =     -1.500000000, iterations = 13, electrons =   14.364576761, Band-str E =  -19.172930981, norm2=   7.437440686
chemical potential =     -1.500000000, iterations = 14, electrons =   14.013938972, Band-str E =  -18.949835884, norm2=   7.481459721
chemical potential =     -1.500000000, iterations = 15, electrons =   14.000002958, Band-str E =  -18.940820820, norm2=   7.483314378
chemical potential =     -1.500000000, iterations = 16, electrons =   14.000000000, Band-str E =  -18.940818891, norm2=   7.483314774
chemical potential =     -1.500000000, iterations = 17, electrons =   14.000000000, Band-str E =  -18.940818891, norm2=   7.483314774
chemical potential =     -1.500000000, iterations = 18, electrons =   14.000000000, Band-str E =  -18.940818891, norm2=   7.483314774
chemical potential =     -1.500000000, iterations = 19, electrons =   14.000000000, Band-str E =  -18.940818891, norm2=   7.483314774
chemical potential =     -1.500000000, iterations = 20, electrons =   14.000000000, Band-str E =  -18.940818891, norm2=   7.483314774
chemical potential =     -1.500000000, iterations = 21, electrons =   14.000000000, Band-str E =  -18.940818891, norm2=   7.483314774
chemical potential =     -1.500000000, iterations = 22, electrons =   14.000000000, Band-str E =  -18.940818891, norm2=   7.483314774
chemical potential =     -1.500000000, iterations = 23, electrons =   14.000000000, Band-str E =  -18.940818891, norm2=   7.483314774
chemical potential =     -1.500000000, iterations = 24, electrons =   14.000000000, Band-str E =  -18.940818891, norm2=   7.483314774
chemical potential =     -1.500000000, iterations = 25, electrons =   14.000000000, Band-str E =  -18.940818891, norm2=   7.483314774
chemical potential =     -1.500000000, iterations = 26, electrons =   14.000000000, Band-str E =  -18.940818891, norm2=   7.483314774
chemical potential =     -1.500000000, iterations = 27, electrons =   14.000000000, Band-str E =  -18.940818891, norm2=   7.483314774
chemical potential =     -1.500000000, iterations = 28, electrons =   14.000000000, Band-str E =  -18.940818891, norm2=   7.483314774
chemical potential =     -1.500000000, iterations = 29, electrons =   14.000000000, Band-str E =  -18.940818891, norm2=   7.483314774
chemical potential =     -1.500000000, iterations = 30, electrons =   14.000000000, Band-str E =  -18.940818891, norm2=   7.483314774

************************** AFTER PURIFICATION **************************
------------------------------------------------------------------------
 Overlap:
   1.00000000000000       0.896725798633308       0.000000000000000E+000
  0.000000000000000E+000  0.000000000000000E+000  0.000000000000000E+000
  0.000000000000000E+000  0.000000000000000E+000  0.000000000000000E+000
  0.000000000000000E+000  0.000000000000000E+000  0.000000000000000E+000
------------------------------------------------------------------------
 Hamiltonian:
  -2.98256946945887       -3.61449383071289      -0.140240164649803     
  2.762640747278056E-007  3.610034298162645E-007 -0.134480269622523     
 -1.247450995833788E-007  2.024263494604384E-007  2.421408025064087E-002
 -1.397976105077280E-002 -8.506384574502590E-007  2.009227451083007E-008
------------------------------------------------------------------------
 Density matrix:
  0.852798586490098       0.155626532079160       1.053010600971938E-002
 -2.116566682878497E-009  4.383332385987009E-007  8.151640034548564E-003
  5.087997825441360E-007  6.189927271090130E-007 -1.492580467102827E-002
  8.617861723803671E-003 -5.127013320227144E-007 -3.159234395036558E-007
------------------------------------------------------------------------
 P*S*P:
  0.852798586490102       0.155626532079159       1.053010600972719E-002
 -2.116565615115540E-009  4.383332380228540E-007  8.151640034545223E-003
  5.087997831775202E-007  6.189927291177280E-007 -1.492580467102772E-002
  8.617861723803376E-003 -5.127013318914717E-007 -3.159234389863422E-007

purified density
Number of electrons:      14.000000
Band structure energy:   -37.881638

