 
       ==============================================
       |                 P T B                      |
       |                S.Grimme                    |
       |          Universitaet Bonn, MCTC           |
       ==============================================
       Version 3.7, Do 28. Apr 14:28:45 CEST 2022
 
       Cite work conducted with this code as
       S. Grimme, M. Mueller, A. Hansen, unpublished.
 
 ~/.atompara                                                                    
  
          =========================
          reading ... ethan.xyz
          =========================
 basis read done.
 ncao           58
 nsao           56
 npr           156
 basis setup done. Ndim          56
 coreat            2
 cncao             2
 cnsao             2
 cnpr             12
 
 nalpha            7
 nbeta             7
 ntotal           14
 nopen             0
cpu  time for startup and initial S    0.03 s
wall time for startup and initial S    0.00 s
               -----------------------
               |      PTB  model      |
               | SG, MM, AH 2020-2022 |
               -----------------------
 prop :           1
 PA setup with Mull-Loew partitioning   0.333333 ...
 done.
EEQ done. sum q :    0.000
    atom   Zeff  qEEQ  mod   srCN   noHCN   CN(EEQ)
    1    6  4.0    -0.081   3.974   0.405   4.014
    2    6  4.0    -0.081   3.974   0.405   4.014
    3    1  1.0     0.027   1.026   0.004   1.005
    4    1  1.0     0.027   1.026   0.004   1.005
    5    1  1.0     0.027   1.026   0.004   1.005
    6    1  1.0     0.027   1.026   0.004   1.005
    7    1  1.0     0.027   1.026   0.004   1.005
    8    1  1.0     0.027   1.026   0.004   1.005
 computing Vecp ...
 PTB H matrix iteration            1  done. Now diag ...

************************ INITIAL CONFIGURATION *************************
------------------------------------------------------------------------
 Overlap:
   1.00000000000000       0.896725798633308       0.000000000000000E+000
  0.000000000000000E+000  0.000000000000000E+000  0.000000000000000E+000
  0.000000000000000E+000  0.000000000000000E+000  0.000000000000000E+000
  0.000000000000000E+000  0.000000000000000E+000  0.000000000000000E+000
------------------------------------------------------------------------
 Hamiltonian:
  -2.98256946945887       -3.61449383071289      -0.140240164649803     
  2.762640747278056E-007  3.610034298162645E-007 -0.134480269622523     
 -1.247450995833788E-007  2.024263494604384E-007  2.421408025064087E-002
 -1.397976105077280E-002 -8.506384574502590E-007  2.009227451083007E-008
------------------------------------------------------------------------
 Density matrix:
  0.000000000000000E+000  0.000000000000000E+000  0.000000000000000E+000
  0.000000000000000E+000  0.000000000000000E+000  0.000000000000000E+000
  0.000000000000000E+000  0.000000000000000E+000  0.000000000000000E+000
  0.000000000000000E+000  0.000000000000000E+000  0.000000000000000E+000
------------------------------------------------------------------------
 P*S*P:
  0.000000000000000E+000  0.000000000000000E+000  0.000000000000000E+000
  0.000000000000000E+000  0.000000000000000E+000  0.000000000000000E+000
  0.000000000000000E+000  0.000000000000000E+000  0.000000000000000E+000
  0.000000000000000E+000  0.000000000000000E+000  0.000000000000000E+000

initial density
Number of electrons:       0.000000
Band structure energy:     0.000000


***************************** AFTER SOLVE2 *****************************
------------------------------------------------------------------------
 Overlap:
   1.00000000000000       0.896725798633308       0.000000000000000E+000
  0.000000000000000E+000  0.000000000000000E+000  0.000000000000000E+000
  0.000000000000000E+000  0.000000000000000E+000  0.000000000000000E+000
  0.000000000000000E+000  0.000000000000000E+000  0.000000000000000E+000
------------------------------------------------------------------------
 Hamiltonian:
  -2.98256946945887       -3.61449383071289      -0.140240164649803     
  2.762640747278056E-007  3.610034298162645E-007 -0.134480269622523     
 -1.247450995833788E-007  2.024263494604384E-007  2.421408025064087E-002
 -1.397976105077280E-002 -8.506384574502590E-007  2.009227451083007E-008
------------------------------------------------------------------------
 Density matrix:
  0.852798586490095       0.155626532079162       1.053010600971827E-002
 -2.116567128307931E-009  4.383332384591223E-007  8.151640034540756E-003
  5.087997836098764E-007  6.189927291793698E-007 -1.492580467102770E-002
  8.617861723803841E-003 -5.127013317760393E-007 -3.159234388076951E-007
------------------------------------------------------------------------
 P*S*P:
  0.852798586490094       0.155626532079162       1.053010600971828E-002
 -2.116567128539800E-009  4.383332383719671E-007  8.151640034540759E-003
  5.087997836015042E-007  6.189927291647823E-007 -1.492580467102770E-002
  8.617861723803841E-003 -5.127013317506068E-007 -3.159234388171762E-007

ptb density
Number of electrons:      14.000000
Band structure energy:   -37.881638

chemical potential =   -1.500000000    electrons = 14.000000    band str E =     -37.881638

************************** AFTER PURIFICATION **************************
------------------------------------------------------------------------
 Overlap:
   1.00000000000000       0.896725798633308       0.000000000000000E+000
  0.000000000000000E+000  0.000000000000000E+000  0.000000000000000E+000
  0.000000000000000E+000  0.000000000000000E+000  0.000000000000000E+000
  0.000000000000000E+000  0.000000000000000E+000  0.000000000000000E+000
------------------------------------------------------------------------
 Hamiltonian:
  -2.98256946945887       -3.61449383071289      -0.140240164649803     
  2.762640747278056E-007  3.610034298162645E-007 -0.134480269622523     
 -1.247450995833788E-007  2.024263494604384E-007  2.421408025064087E-002
 -1.397976105077280E-002 -8.506384574502590E-007  2.009227451083007E-008
------------------------------------------------------------------------
 Density matrix:
  0.852798586490122       0.155626532079136       1.053010600970776E-002
 -2.116562999952137E-009  4.383332355709104E-007  8.151640034540773E-003
  5.087997782178441E-007  6.189927286110125E-007 -1.492580467103178E-002
  8.617861723809612E-003 -5.127013365713491E-007 -3.159234380487649E-007
------------------------------------------------------------------------
 P*S*P:
  0.852798586490100       0.155626532079178       1.053010600971051E-002
 -2.116562678540403E-009  4.383332360550270E-007  8.151640034544405E-003
  5.087997791033527E-007  6.189927289630259E-007 -1.492580467102947E-002
  8.617861723808684E-003 -5.127013354638095E-007 -3.159234372028940E-007

purified density
Number of electrons:      14.000000
Band structure energy:   -37.881638

 PTB H matrix iteration            2  done. Now diag ...

************************ FIRST CONFIGURATION *************************
------------------------------------------------------------------------
 Overlap:
   1.00000000000000       0.896725798633308       0.000000000000000E+000
  0.000000000000000E+000  0.000000000000000E+000  0.000000000000000E+000
  0.000000000000000E+000  0.000000000000000E+000  0.000000000000000E+000
  0.000000000000000E+000  0.000000000000000E+000  0.000000000000000E+000
------------------------------------------------------------------------
 Hamiltonian:
  -1.80619353863228       -2.67052475623619      -1.886670846732020E-002
 -8.258949513149080E-008  5.334473150958963E-008 -1.800841764529702E-002
 -6.293053162761653E-007 -3.649102490226741E-007  5.850024653659400E-002
 -3.377510913931018E-002 -1.721385328331363E-007 -6.558521552715532E-008
------------------------------------------------------------------------
 Density matrix:
  0.852798586490095       0.155626532079162       1.053010600971827E-002
 -2.116567128307931E-009  4.383332384591223E-007  8.151640034540756E-003
  5.087997836098764E-007  6.189927291793698E-007 -1.492580467102770E-002
  8.617861723803841E-003 -5.127013317760393E-007 -3.159234388076951E-007
------------------------------------------------------------------------
 P*S*P:
  0.852798586490094       0.155626532079162       1.053010600971828E-002
 -2.116567128539800E-009  4.383332383719671E-007  8.151640034540759E-003
  5.087997836015042E-007  6.189927291647823E-007 -1.492580467102770E-002
  8.617861723803841E-003 -5.127013317506068E-007 -3.159234388171762E-007

after 1 iter
Number of electrons:      14.000000
Band structure energy:   -31.283227


***************************** AFTER SOLVE2 *****************************
------------------------------------------------------------------------
 Overlap:
   1.00000000000000       0.896725798633308       0.000000000000000E+000
  0.000000000000000E+000  0.000000000000000E+000  0.000000000000000E+000
  0.000000000000000E+000  0.000000000000000E+000  0.000000000000000E+000
  0.000000000000000E+000  0.000000000000000E+000  0.000000000000000E+000
------------------------------------------------------------------------
 Hamiltonian:
  -1.80619353863228       -2.67052475623619      -1.886670846732020E-002
 -8.258949513149080E-008  5.334473150958963E-008 -1.800841764529702E-002
 -6.293053162761653E-007 -3.649102490226741E-007  5.850024653659400E-002
 -3.377510913931018E-002 -1.721385328331363E-007 -6.558521552715532E-008
------------------------------------------------------------------------
 Density matrix:
  0.539526985238470      -1.213418577053035E-002  3.622119856374743E-002
 -7.915072817919005E-007  1.116610732406309E-007  6.477797779712928E-003
  4.424692134412540E-007 -3.012350619754235E-007 -8.186954550012211E-003
  4.727425852885197E-003 -2.411277170961593E-007 -2.770895884956541E-008
------------------------------------------------------------------------
 P*S*P:
  0.539526985238470      -1.213418577053032E-002  3.622119856374740E-002
 -7.915072816760225E-007  1.116610732283981E-007  6.477797779712932E-003
  4.424692134642253E-007 -3.012350619627290E-007 -8.186954550012204E-003
  4.727425852885207E-003 -2.411277170935469E-007 -2.770895887067306E-008

ptb density
Number of electrons:      14.000000
Band structure energy:   -31.662715

chemical potential =   -1.500000000    electrons = 14.000000    band str E =     -31.662715

************************** AFTER PURIFICATION **************************
------------------------------------------------------------------------
 Overlap:
   1.00000000000000       0.896725798633308       0.000000000000000E+000
  0.000000000000000E+000  0.000000000000000E+000  0.000000000000000E+000
  0.000000000000000E+000  0.000000000000000E+000  0.000000000000000E+000
  0.000000000000000E+000  0.000000000000000E+000  0.000000000000000E+000
------------------------------------------------------------------------
 Hamiltonian:
  -1.80619353863228       -2.67052475623619      -1.886670846732020E-002
 -8.258949513149080E-008  5.334473150958963E-008 -1.800841764529702E-002
 -6.293053162761653E-007 -3.649102490226741E-007  5.850024653659400E-002
 -3.377510913931018E-002 -1.721385328331363E-007 -6.558521552715532E-008
------------------------------------------------------------------------
 Density matrix:
  0.539526985238473      -1.213418577050253E-002  3.622119856374207E-002
 -7.915072782478227E-007  1.116610722488756E-007  6.477797779719040E-003
  4.424692075104917E-007 -3.012350610736561E-007 -8.186954550009458E-003
  4.727425852887638E-003 -2.411277195903426E-007 -2.770895720608391E-008
------------------------------------------------------------------------
 P*S*P:
  0.539526985238476      -1.213418577052272E-002  3.622119856374051E-002
 -7.915072793219892E-007  1.116610712395918E-007  6.477797779714048E-003
  4.424692075761469E-007 -3.012350608259159E-007 -8.186954550010183E-003
  4.727425852887645E-003 -2.411277201520541E-007 -2.770895606805110E-008

purified density
Number of electrons:      14.000000
Band structure energy:   -31.662715

