 
       ==============================================
       |                 P T B                      |
       |                S.Grimme                    |
       |          Universitaet Bonn, MCTC           |
       ==============================================
       Version 3.7, Do 28. Apr 14:28:45 CEST 2022
 
       Cite work conducted with this code as
       S. Grimme, M. Mueller, A. Hansen, unpublished.
 
 ~/.atompara                                                                    
  
          =========================
          reading ... ethan.xyz
          =========================
 basis read done.
 ncao           58
 nsao           56
 npr           156
 basis setup done. Ndim          56
 coreat            2
 cncao             2
 cnsao             2
 cnpr             12
 
 nalpha            7
 nbeta             7
 ntotal           14
 nopen             0
cpu  time for startup and initial S    0.03 s
wall time for startup and initial S    0.00 s
               -----------------------
               |      PTB  model      |
               | SG, MM, AH 2020-2022 |
               -----------------------
 prop :           1
 PA setup with Mull-Loew partitioning   0.333333 ...
 done.
EEQ done. sum q :    0.000
    atom   Zeff  qEEQ  mod   srCN   noHCN   CN(EEQ)
    1    6  4.0    -0.081   3.974   0.405   4.014
    2    6  4.0    -0.081   3.974   0.405   4.014
    3    1  1.0     0.027   1.026   0.004   1.005
    4    1  1.0     0.027   1.026   0.004   1.005
    5    1  1.0     0.027   1.026   0.004   1.005
    6    1  1.0     0.027   1.026   0.004   1.005
    7    1  1.0     0.027   1.026   0.004   1.005
    8    1  1.0     0.027   1.026   0.004   1.005
 computing Vecp ...
 PTB H matrix iteration            1  done. Now diag ...
------------------------------------------------------------------------
 Overlap:
   1.00000000000000       0.896725798633308       0.000000000000000E+000
  0.000000000000000E+000  0.000000000000000E+000  0.000000000000000E+000
  0.000000000000000E+000  0.000000000000000E+000  0.000000000000000E+000
  0.000000000000000E+000  0.000000000000000E+000  0.000000000000000E+000
------------------------------------------------------------------------
 Hamiltonian:
  -2.98256946945887       -3.61449383071289      -0.140240164649803     
  2.762640747278056E-007  3.610034298162645E-007 -0.134480269622523     
 -1.247450995833788E-007  2.024263494604384E-007  2.421408025064087E-002
 -1.397976105077280E-002 -8.506384574502590E-007  2.009227451083007E-008
------------------------------------------------------------------------
 Density matrix:
  0.000000000000000E+000  0.000000000000000E+000  0.000000000000000E+000
  0.000000000000000E+000  0.000000000000000E+000  0.000000000000000E+000
  0.000000000000000E+000  0.000000000000000E+000  0.000000000000000E+000
  0.000000000000000E+000  0.000000000000000E+000  0.000000000000000E+000
------------------------------------------------------------------------
 PSP:
  0.000000000000000E+000  0.000000000000000E+000  0.000000000000000E+000
  0.000000000000000E+000  0.000000000000000E+000  0.000000000000000E+000
  0.000000000000000E+000  0.000000000000000E+000  0.000000000000000E+000
  0.000000000000000E+000  0.000000000000000E+000  0.000000000000000E+000
 
***************************** AFTER SOLVE2 *****************************
------------------------------------------------------------------------
 Overlap:
   1.00000000000000       0.896725798633308       0.000000000000000E+000
  0.000000000000000E+000  0.000000000000000E+000  0.000000000000000E+000
  0.000000000000000E+000  0.000000000000000E+000  0.000000000000000E+000
  0.000000000000000E+000  0.000000000000000E+000  0.000000000000000E+000
------------------------------------------------------------------------
 Hamiltonian:
  -2.98256946945887       -3.61449383071289      -0.140240164649803     
  2.762640747278056E-007  3.610034298162645E-007 -0.134480269622523     
 -1.247450995833788E-007  2.024263494604384E-007  2.421408025064087E-002
 -1.397976105077280E-002 -8.506384574502590E-007  2.009227451083007E-008
------------------------------------------------------------------------
 Density matrix:
  0.852798586490095       0.155626532079162       1.053010600971827E-002
 -2.116567128307931E-009  4.383332384591223E-007  8.151640034540756E-003
  5.087997836098764E-007  6.189927291793698E-007 -1.492580467102770E-002
  8.617861723803841E-003 -5.127013317760393E-007 -3.159234388076951E-007
------------------------------------------------------------------------
 PSP:
  0.852798586490094       0.155626532079162       1.053010600971828E-002
 -2.116567128539800E-009  4.383332383719671E-007  8.151640034540759E-003
  5.087997836015042E-007  6.189927291647823E-007 -1.492580467102770E-002
  8.617861723803841E-003 -5.127013317506068E-007 -3.159234388171762E-007
 
 Purification loop
iterations = 1, electrons =   13.999998093, Band-str E =  -37.881637783, norm2=   1.550373769
iterations = 2, electrons =   13.999998093, Band-str E =  -37.881637783, norm2=   1.550373769
iterations = 3, electrons =   13.999998093, Band-str E =  -37.881637783, norm2=   1.550373769
iterations = 4, electrons =   13.999998093, Band-str E =  -37.881637783, norm2=   1.550373769
iterations = 5, electrons =   13.999998093, Band-str E =  -37.881637783, norm2=   1.550373769
iterations = 6, electrons =   13.999998093, Band-str E =  -37.881637783, norm2=   1.550373769
iterations = 7, electrons =   13.999998093, Band-str E =  -37.881637783, norm2=   1.550373769
iterations = 8, electrons =   13.999998093, Band-str E =  -37.881637783, norm2=   1.550373769
iterations = 9, electrons =   13.999998093, Band-str E =  -37.881637783, norm2=   1.550373769
iterations = 10, electrons =   13.999998093, Band-str E =  -37.881637783, norm2=   1.550373769
iterations = 11, electrons =   13.999998093, Band-str E =  -37.881637783, norm2=   1.550373769
iterations = 12, electrons =   13.999998093, Band-str E =  -37.881637783, norm2=   1.550373769
iterations = 13, electrons =   13.999998093, Band-str E =  -37.881637783, norm2=   1.550373769
iterations = 14, electrons =   13.999998093, Band-str E =  -37.881637783, norm2=   1.550373769
iterations = 15, electrons =   13.999998093, Band-str E =  -37.881637783, norm2=   1.550373769
iterations = 16, electrons =   13.999998093, Band-str E =  -37.881637783, norm2=   1.550373769
iterations = 17, electrons =   13.999998093, Band-str E =  -37.881637783, norm2=   1.550373769
iterations = 18, electrons =   13.999998093, Band-str E =  -37.881637783, norm2=   1.550373769
iterations = 19, electrons =   13.999998093, Band-str E =  -37.881637783, norm2=   1.550373769
iterations = 20, electrons =   13.999998093, Band-str E =  -37.881637783, norm2=   1.550373769
iterations = 21, electrons =   13.999998093, Band-str E =  -37.881637783, norm2=   1.550373769
iterations = 22, electrons =   13.999998093, Band-str E =  -37.881637783, norm2=   1.550373769
iterations = 23, electrons =   13.999998093, Band-str E =  -37.881637783, norm2=   1.550373769
iterations = 24, electrons =   13.999998093, Band-str E =  -37.881637783, norm2=   1.550373769
iterations = 25, electrons =   13.999998093, Band-str E =  -37.881637783, norm2=   1.550373769
iterations = 26, electrons =   13.999998093, Band-str E =  -37.881637783, norm2=   1.550373769
iterations = 27, electrons =   13.999998093, Band-str E =  -37.881637783, norm2=   1.550373769
iterations = 28, electrons =   13.999998093, Band-str E =  -37.881637783, norm2=   1.550373769
iterations = 29, electrons =   13.999998093, Band-str E =  -37.881637783, norm2=   1.550373769
iterations = 30, electrons =   13.999998093, Band-str E =  -37.881637783, norm2=   1.550373769
 
************************** AFTER PURIFICATION **************************
------------------------------------------------------------------------
 Overlap:
   1.00000000000000       0.896725798633308       0.000000000000000E+000
  0.000000000000000E+000  0.000000000000000E+000  0.000000000000000E+000
  0.000000000000000E+000  0.000000000000000E+000  0.000000000000000E+000
  0.000000000000000E+000  0.000000000000000E+000  0.000000000000000E+000
------------------------------------------------------------------------
 Hamiltonian:
  -2.98256946945887       -3.61449383071289      -0.140240164649803     
  2.762640747278056E-007  3.610034298162645E-007 -0.134480269622523     
 -1.247450995833788E-007  2.024263494604384E-007  2.421408025064087E-002
 -1.397976105077280E-002 -8.506384574502590E-007  2.009227451083007E-008
------------------------------------------------------------------------
 Purified P:
  0.852798586490094       0.155626532079163       1.053010600971699E-002
 -2.116568778302483E-009  4.383332384724726E-007  8.151640034540514E-003
  5.087997831248483E-007  6.189927292499329E-007 -1.492580467102776E-002
  8.617861723803692E-003 -5.127013312175317E-007 -3.159234387403029E-007
------------------------------------------------------------------------
 PSP:
  0.852798586490094       0.155626532079163       1.053010600972175E-002
 -2.116566406894834E-009  4.383332366666255E-007  8.151640034541198E-003
  5.087997841028935E-007  6.189927289500019E-007 -1.492580467102772E-002
  8.617861723803737E-003 -5.127013318064974E-007 -3.159234386848968E-007
 
 PTB H matrix iteration            2  done. Now diag ...
------------------------------------------------------------------------
 Overlap:
   1.00000000000000       0.896725798633308       0.000000000000000E+000
  0.000000000000000E+000  0.000000000000000E+000  0.000000000000000E+000
  0.000000000000000E+000  0.000000000000000E+000  0.000000000000000E+000
  0.000000000000000E+000  0.000000000000000E+000  0.000000000000000E+000
------------------------------------------------------------------------
 Hamiltonian:
  -1.80619353863228       -2.67052475623619      -1.886670846732020E-002
 -8.258949513149080E-008  5.334473150958963E-008 -1.800841764529702E-002
 -6.293053162761653E-007 -3.649102490226741E-007  5.850024653659400E-002
 -3.377510913931018E-002 -1.721385328331363E-007 -6.558521552715532E-008
------------------------------------------------------------------------
 Density matrix:
  0.852798586490095       0.155626532079162       1.053010600971827E-002
 -2.116567128307931E-009  4.383332384591223E-007  8.151640034540756E-003
  5.087997836098764E-007  6.189927291793698E-007 -1.492580467102770E-002
  8.617861723803841E-003 -5.127013317760393E-007 -3.159234388076951E-007
------------------------------------------------------------------------
 PSP:
  0.852798586490094       0.155626532079162       1.053010600971828E-002
 -2.116567128539800E-009  4.383332383719671E-007  8.151640034540759E-003
  5.087997836015042E-007  6.189927291647823E-007 -1.492580467102770E-002
  8.617861723803841E-003 -5.127013317506068E-007 -3.159234388171762E-007
 
***************************** AFTER SOLVE2 *****************************
------------------------------------------------------------------------
 Overlap:
   1.00000000000000       0.896725798633308       0.000000000000000E+000
  0.000000000000000E+000  0.000000000000000E+000  0.000000000000000E+000
  0.000000000000000E+000  0.000000000000000E+000  0.000000000000000E+000
  0.000000000000000E+000  0.000000000000000E+000  0.000000000000000E+000
------------------------------------------------------------------------
 Hamiltonian:
  -1.80619353863228       -2.67052475623619      -1.886670846732020E-002
 -8.258949513149080E-008  5.334473150958963E-008 -1.800841764529702E-002
 -6.293053162761653E-007 -3.649102490226741E-007  5.850024653659400E-002
 -3.377510913931018E-002 -1.721385328331363E-007 -6.558521552715532E-008
------------------------------------------------------------------------
 Density matrix:
  0.539526985238470      -1.213418577053035E-002  3.622119856374743E-002
 -7.915072817919005E-007  1.116610732406309E-007  6.477797779712928E-003
  4.424692134412540E-007 -3.012350619754235E-007 -8.186954550012211E-003
  4.727425852885197E-003 -2.411277170961593E-007 -2.770895884956541E-008
------------------------------------------------------------------------
 PSP:
  0.539526985238470      -1.213418577053032E-002  3.622119856374740E-002
 -7.915072816760225E-007  1.116610732283981E-007  6.477797779712932E-003
  4.424692134642253E-007 -3.012350619627290E-007 -8.186954550012204E-003
  4.727425852885207E-003 -2.411277170935469E-007 -2.770895887067306E-008
 
 Purification loop
iterations = 1, electrons =   13.999996185, Band-str E =  -31.662715396, norm2=   1.449504673
iterations = 2, electrons =   13.999996185, Band-str E =  -31.662715396, norm2=   1.449504673
iterations = 3, electrons =   13.999996185, Band-str E =  -31.662715396, norm2=   1.449504673
iterations = 4, electrons =   13.999996185, Band-str E =  -31.662715396, norm2=   1.449504673
iterations = 5, electrons =   13.999996185, Band-str E =  -31.662715396, norm2=   1.449504673
iterations = 6, electrons =   13.999996185, Band-str E =  -31.662715396, norm2=   1.449504673
iterations = 7, electrons =   13.999996185, Band-str E =  -31.662715396, norm2=   1.449504673
iterations = 8, electrons =   13.999996185, Band-str E =  -31.662715396, norm2=   1.449504673
iterations = 9, electrons =   13.999996185, Band-str E =  -31.662715396, norm2=   1.449504673
iterations = 10, electrons =   13.999996185, Band-str E =  -31.662715396, norm2=   1.449504673
iterations = 11, electrons =   13.999996185, Band-str E =  -31.662715396, norm2=   1.449504673
iterations = 12, electrons =   13.999996185, Band-str E =  -31.662715396, norm2=   1.449504673
iterations = 13, electrons =   13.999996185, Band-str E =  -31.662715396, norm2=   1.449504673
iterations = 14, electrons =   13.999996185, Band-str E =  -31.662715396, norm2=   1.449504673
iterations = 15, electrons =   13.999996185, Band-str E =  -31.662715396, norm2=   1.449504673
iterations = 16, electrons =   13.999996185, Band-str E =  -31.662715396, norm2=   1.449504673
iterations = 17, electrons =   13.999996185, Band-str E =  -31.662715396, norm2=   1.449504673
iterations = 18, electrons =   13.999996185, Band-str E =  -31.662715396, norm2=   1.449504673
iterations = 19, electrons =   13.999996185, Band-str E =  -31.662715396, norm2=   1.449504673
iterations = 20, electrons =   13.999996185, Band-str E =  -31.662715396, norm2=   1.449504673
iterations = 21, electrons =   13.999996185, Band-str E =  -31.662715396, norm2=   1.449504673
iterations = 22, electrons =   13.999996185, Band-str E =  -31.662715396, norm2=   1.449504673
iterations = 23, electrons =   13.999996185, Band-str E =  -31.662715396, norm2=   1.449504673
iterations = 24, electrons =   13.999996185, Band-str E =  -31.662715396, norm2=   1.449504673
iterations = 25, electrons =   13.999996185, Band-str E =  -31.662715396, norm2=   1.449504673
iterations = 26, electrons =   13.999996185, Band-str E =  -31.662715396, norm2=   1.449504673
iterations = 27, electrons =   13.999996185, Band-str E =  -31.662715396, norm2=   1.449504673
iterations = 28, electrons =   13.999996185, Band-str E =  -31.662715396, norm2=   1.449504673
iterations = 29, electrons =   13.999996185, Band-str E =  -31.662715396, norm2=   1.449504673
iterations = 30, electrons =   13.999996185, Band-str E =  -31.662715396, norm2=   1.449504673
 
************************** AFTER PURIFICATION **************************
------------------------------------------------------------------------
 Overlap:
   1.00000000000000       0.896725798633308       0.000000000000000E+000
  0.000000000000000E+000  0.000000000000000E+000  0.000000000000000E+000
  0.000000000000000E+000  0.000000000000000E+000  0.000000000000000E+000
  0.000000000000000E+000  0.000000000000000E+000  0.000000000000000E+000
------------------------------------------------------------------------
 Hamiltonian:
  -1.80619353863228       -2.67052475623619      -1.886670846732020E-002
 -8.258949513149080E-008  5.334473150958963E-008 -1.800841764529702E-002
 -6.293053162761653E-007 -3.649102490226741E-007  5.850024653659400E-002
 -3.377510913931018E-002 -1.721385328331363E-007 -6.558521552715532E-008
------------------------------------------------------------------------
 Purified P:
  0.539526985238471      -1.213418577053012E-002  3.622119856374492E-002
 -7.915072806180580E-007  1.116610746981967E-007  6.477797779713220E-003
  4.424692131156882E-007 -3.012350615627668E-007 -8.186954550012171E-003
  4.727425852885265E-003 -2.411277171142755E-007 -2.770895877829904E-008
------------------------------------------------------------------------
 PSP:
  0.539526985238473      -1.213418577053058E-002  3.622119856375076E-002
 -7.915072814862939E-007  1.116610726203775E-007  6.477797779713870E-003
  4.424692133281105E-007 -3.012350618438055E-007 -8.186954550012169E-003
  4.727425852885117E-003 -2.411277171809268E-007 -2.770895866953323E-008
 
